app/build/intermediates/manifest_merge_blame_file/debug/manifest-merger-blame-debug-report.txt
1<?xml version="1.0" encoding="utf-8"?>
2<manifest xmlns:android="http://schemas.android.com/apk/res/android"
3    package="edu.franksprachen.katzemeetup"
4    android:versionCode="1"
5    android:versionName="1.0" >
6
7    <uses-sdk
8        android:minSdkVersion="16"
8-->src/main/AndroidManifest.xml
9        android:targetSdkVersion="30" />
9-->src/main/AndroidManifest.xml
10
11    <uses-permission android:name="android.permission.INTERNET" />
11-->src/main/AndroidManifest.xml:5:5-66
11-->src/main/AndroidManifest.xml:5:22-64
12    <uses-permission android:name="android.permission.WRITE_EXTERNAL_STORAGE" />
13    <uses-permission android:name="android.permission.READ_PHONE_STATE" />
14    <uses-permission android:name="android.permission.READ_EXTERNAL_STORAGE" />
15
16    <application
16-->src/main/AndroidManifest.xml:7:5-22:19
17        android:name="edu.franksprachen.katzemeetup.view.MainApp"
17-->src/main/AndroidManifest.xml:8:9-66
18        android:allowBackup="true"
18-->src/main/AndroidManifest.xml:9:9-35
19        android:appComponentFactory="androidx.core.app.CoreComponentFactory"
19-->[androidx.core:core:1.3.2] AndroidManifest.xml:24:18-86
20        android:debuggable="true"
21        android:icon="@drawable/ic_cat_icon"
21-->src/main/AndroidManifest.xml:10:9-45
22        android:label="@string/app_name"
22-->src/main/AndroidManifest.xml:11:9-41
23        android:roundIcon="@drawable/ic_cat_icon"
23-->src/main/AndroidManifest.xml:12:9-50
24        android:supportsRtl="true"
24-->src/main/AndroidManifest.xml:13:9-35
25        android:testOnly="true"
26        android:theme="@style/Theme.katzemeetup" >
26-->src/main/AndroidManifest.xml:14:9-49
27        <activity android:name="edu.franksprachen.katzemeetup.view.MainActivity" >
27-->src/main/AndroidManifest.xml:15:9-21:20
27-->src/main/AndroidManifest.xml:15:19-81
28            <intent-filter>
28-->src/main/AndroidManifest.xml:16:13-20:29
29                <action android:name="android.intent.action.MAIN" />
29-->src/main/AndroidManifest.xml:17:17-69
29-->src/main/AndroidManifest.xml:17:25-66
30
31                <category android:name="android.intent.category.LAUNCHER" />
31-->src/main/AndroidManifest.xml:19:17-77
31-->src/main/AndroidManifest.xml:19:27-74
32            </intent-filter>
33        </activity>
34
35        <service
35-->[androidx.room:room-runtime:2.2.5] AndroidManifest.xml:25:9-28:40
36            android:name="androidx.room.MultiInstanceInvalidationService"
36-->[androidx.room:room-runtime:2.2.5] AndroidManifest.xml:26:13-74
37            android:directBootAware="true"
37-->[androidx.room:room-runtime:2.2.5] AndroidManifest.xml:27:13-43
38            android:exported="false" />
38-->[androidx.room:room-runtime:2.2.5] AndroidManifest.xml:28:13-37
39
40        <provider
40-->[com.squareup.picasso:picasso:2.71828] AndroidManifest.xml:8:9-11:40
41            android:name="com.squareup.picasso.PicassoProvider"
41-->[com.squareup.picasso:picasso:2.71828] AndroidManifest.xml:9:13-64
42            android:authorities="edu.franksprachen.katzemeetup.com.squareup.picasso"
42-->[com.squareup.picasso:picasso:2.71828] AndroidManifest.xml:10:13-72
43            android:exported="false" />
43-->[com.squareup.picasso:picasso:2.71828] AndroidManifest.xml:11:13-37
44    </application>
45
46</manifest>